<?xml version="1.0" encoding="UTF-8" ?>
<testsuite tests="41" failures="0" name="MeetingRoomReservationTest" time="1.055" errors="0" skipped="0">
  <properties>
[...]
</properties>
  <testcase classname="[0] 06:30\u002C 07:30\u002C Kevin\u002C reserve\u002C Reserve Room R1 in time range 06:30 to 07:30 successfully (testReservationFunction)(MeetingRoomReservationTest)" name="[0] 06:30\u002C 07:30\u002C Kevin\u002C reserve\u002C Reserve Room R1 in time range 06:30 to 07:30 successfully " time="0.007"/>
  <testcase classname="[1] 08:30\u002C 09:30\u002C John\u002C reserve\u002C Reserve Room R1 in time range 08:30 to 09:30 successfully (testReservationFunction)(MeetingRoomReservationTest)" name="[1] 08:30\u002C 09:30\u002C John\u002C reserve\u002C Reserve Room R1 in time range 08:30 to 09:30 successfully " time="0"/>
  <testcase classname="[2] 10:30\u002C 12:30\u002C kevin\u002C reserve\u002C Reserve Room R1 in time range 10:30 to 12:30 successfully (testReservationFunction)(MeetingRoomReservationTest)" name="[2] 10:30\u002C 12:30\u002C kevin\u002C reserve\u002C Reserve Room R1 in time range 10:30 to 12:30 successfully " time="0"/>
  <testcase classname="[3] 10:30\u002C 12:30\u002C John\u002C reserve\u002C Reserve Room R2 in time range 10:30 to 12:30 successfully (testReservationFunction)(MeetingRoomReservationTest)" name="[3] 10:30\u002C 12:30\u002C John\u002C reserve\u002C Reserve Room R2 in time range 10:30 to 12:30 successfully " time="0"/>
  <testcase classname="[4] 07:30\u002C 09:30\u002C Kelly\u002C reserve\u002C Reserve Room R2 in time range 07:30 to 09:30 successfully (testReservationFunction)(MeetingRoomReservationTest)" name="[4] 07:30\u002C 09:30\u002C Kelly\u002C reserve\u002C Reserve Room R2 in time range 07:30 to 09:30 successfully " time="0"/>
  <testcase classname="[5] 07:30\u002C 09:30\u002C David\u002C reserve\u002C Reserve Room R3 in time range 07:30 to 09:30 successfully (testReservationFunction)(MeetingRoomReservationTest)" name="[5] 07:30\u002C 09:30\u002C David\u002C reserve\u002C Reserve Room R3 in time range 07:30 to 09:30 successfully " time="0"/>
  <testcase classname="[6] 07:30\u002C 09:30\u002C Tom\u002C reserve\u002C Reserve Room R4 in time range 07:30 to 09:30 successfully (testReservationFunction)(MeetingRoomReservationTest)" name="[6] 07:30\u002C 09:30\u002C Tom\u002C reserve\u002C Reserve Room R4 in time range 07:30 to 09:30 successfully " time="0.001"/>
  <testcase classname="[7] 07:30\u002C 09:30\u002C Mike\u002C reserve\u002C Reservation failed. No Availablity (testReservationFunction)(MeetingRoomReservationTest)" name="[7] 07:30\u002C 09:30\u002C Mike\u002C reserve\u002C Reservation failed. No Availablity " time="0.004"/>
  <testcase classname="[8] 06:30\u002C 11:30\u002C Mike\u002C reserve\u002C Reservation failed. No Availablity (testReservationFunction)(MeetingRoomReservationTest)" name="[8] 06:30\u002C 11:30\u002C Mike\u002C reserve\u002C Reservation failed. No Availablity " time="0"/>
  <testcase classname="[9] 08:30\u002C 10:30\u002C Mike\u002C reserve\u002C Reservation failed. No Availablity (testReservationFunction)(MeetingRoomReservationTest)" name="[9] 08:30\u002C 10:30\u002C Mike\u002C reserve\u002C Reservation failed. No Availablity " time="0"/>
  <testcase classname="[10] 09:00\u002C 10:30\u002C Mike\u002C reserve\u002C Reservation failed. No Availablity (testReservationFunction)(MeetingRoomReservationTest)" name="[10] 09:00\u002C 10:30\u002C Mike\u002C reserve\u002C Reservation failed. No Availablity " time="0.001"/>
  <testcase classname="[11] 06:30\u002C 09:30\u002C Mike\u002C reserve\u002C Reservation failed. No Availablity (testReservationFunction)(MeetingRoomReservationTest)" name="[11] 06:30\u002C 09:30\u002C Mike\u002C reserve\u002C Reservation failed. No Availablity " time="0"/>
  <testcase classname="[12] 08:30\u002C 09:00\u002C Mike\u002C reserve\u002C Reservation failed. No Availablity (testReservationFunction)(MeetingRoomReservationTest)" name="[12] 08:30\u002C 09:00\u002C Mike\u002C reserve\u002C Reservation failed. No Availablity " time="0"/>
  <testcase classname="[13] 06:30\u002C 09:00\u002C Mike\u002C reserve\u002C Reservation failed. No Availablity (testReservationFunction)(MeetingRoomReservationTest)" name="[13] 06:30\u002C 09:00\u002C Mike\u002C reserve\u002C Reservation failed. No Availablity " time="0"/>
  <testcase classname="[14] 09:00\u002C 09:30\u002C Mike\u002C reserve\u002C Reservation failed. No Availablity (testReservationFunction)(MeetingRoomReservationTest)" name="[14] 09:00\u002C 09:30\u002C Mike\u002C reserve\u002C Reservation failed. No Availablity " time="0.003"/>
  <testcase classname="[15] 09:00\u002C 09:20\u002C Mike\u002C reserve\u002C Reservation failed. No Availablity (testReservationFunction)(MeetingRoomReservationTest)" name="[15] 09:00\u002C 09:20\u002C Mike\u002C reserve\u002C Reservation failed. No Availablity " time="0.002"/>
  <testcase classname="[16] 07:30\u002C 09:30\u002C \u002C isAvailable\u002C No availability for time range 07:30 to 09:30 (testReservationFunction)(MeetingRoomReservationTest)" name="[16] 07:30\u002C 09:30\u002C \u002C isAvailable\u002C No availability for time range 07:30 to 09:30 " time="0"/>
  <testcase classname="[17] 06:30\u002C 11:30\u002C \u002C isAvailable\u002C No availability for time range 06:30 to 11:30 (testReservationFunction)(MeetingRoomReservationTest)" name="[17] 06:30\u002C 11:30\u002C \u002C isAvailable\u002C No availability for time range 06:30 to 11:30 " time="0.001"/>
  <testcase classname="[18] 08:30\u002C 10:30\u002C \u002C isAvailable\u002C No availability for time range 08:30 to 10:30 (testReservationFunction)(MeetingRoomReservationTest)" name="[18] 08:30\u002C 10:30\u002C \u002C isAvailable\u002C No availability for time range 08:30 to 10:30 " time="0.001"/>
  <testcase classname="[19] 09:00\u002C 10:30\u002C \u002C isAvailable\u002C No availability for time range 09:00 to 10:30 (testReservationFunction)(MeetingRoomReservationTest)" name="[19] 09:00\u002C 10:30\u002C \u002C isAvailable\u002C No availability for time range 09:00 to 10:30 " time="0"/>
  <testcase classname="[20] 06:30\u002C 09:30\u002C \u002C isAvailable\u002C No availability for time range 06:30 to 09:30 (testReservationFunction)(MeetingRoomReservationTest)" name="[20] 06:30\u002C 09:30\u002C \u002C isAvailable\u002C No availability for time range 06:30 to 09:30 " time="0.002"/>
  <testcase classname="[21] 08:30\u002C 09:00\u002C \u002C isAvailable\u002C No availability for time range 08:30 to 09:00 (testReservationFunction)(MeetingRoomReservationTest)" name="[21] 08:30\u002C 09:00\u002C \u002C isAvailable\u002C No availability for time range 08:30 to 09:00 " time="0"/>
  <testcase classname="[22] 06:30\u002C 09:00\u002C \u002C isAvailable\u002C No availability for time range 06:30 to 09:00 (testReservationFunction)(MeetingRoomReservationTest)" name="[22] 06:30\u002C 09:00\u002C \u002C isAvailable\u002C No availability for time range 06:30 to 09:00 " time="0"/>
  <testcase classname="[23] 09:00\u002C 09:30\u002C \u002C isAvailable\u002C No availability for time range 09:00 to 09:30 (testReservationFunction)(MeetingRoomReservationTest)" name="[23] 09:00\u002C 09:30\u002C \u002C isAvailable\u002C No availability for time range 09:00 to 09:30 " time="0.001"/>
  <testcase classname="[24] 09:00\u002C 09:20\u002C \u002C isAvailable\u002C No availability for time range 09:00 to 09:20 (testReservationFunction)(MeetingRoomReservationTest)" name="[24] 09:00\u002C 09:20\u002C \u002C isAvailable\u002C No availability for time range 09:00 to 09:20 " time="0"/>
  <testcase classname="[25] 07:30\u002C 08:30\u002C \u002C isAvailable\u002C There is available room for time range 07:30 to 08:30 (testReservationFunction)(MeetingRoomReservationTest)" name="[25] 07:30\u002C 08:30\u002C \u002C isAvailable\u002C There is available room for time range 07:30 to 08:30 " time="0.002"/>
  <testcase classname="[26] null\u002C null\u002C John\u002C getReservations\u002C Room R2: 10:30-12:30. Room R1: 08:30-09:30.  (testReservationFunction)(MeetingRoomReservationTest)" name="[26] null\u002C null\u002C John\u002C getReservations\u002C Room R2: 10:30-12:30. Room R1: 08:30-09:30.  " time="0.001"/>
  <testcase classname="[27] null\u002C null\u002C Paul\u002C getReservations\u002C You have no reservation (testReservationFunction)(MeetingRoomReservationTest)" name="[27] null\u002C null\u002C Paul\u002C getReservations\u002C You have no reservation " time="0.001"/>
  <testcase classname="[28] 06:30\u002C 11:30\u002C John\u002C cancel\u002C No reservation in time range 06:30 to 11:30 (testReservationFunction)(MeetingRoomReservationTest)" name="[28] 06:30\u002C 11:30\u002C John\u002C cancel\u002C No reservation in time range 06:30 to 11:30 " time="0"/>
  <testcase classname="[29] 08:30\u002C 10:30\u002C John\u002C cancel\u002C No reservation in time range 08:30 to 10:30 (testReservationFunction)(MeetingRoomReservationTest)" name="[29] 08:30\u002C 10:30\u002C John\u002C cancel\u002C No reservation in time range 08:30 to 10:30 " time="0"/>
  <testcase classname="[30] 09:00\u002C 10:30\u002C John\u002C cancel\u002C No reservation in time range 09:00 to 10:30 (testReservationFunction)(MeetingRoomReservationTest)" name="[30] 09:00\u002C 10:30\u002C John\u002C cancel\u002C No reservation in time range 09:00 to 10:30 " time="0.001"/>
  <testcase classname="[31] 06:30\u002C 09:30\u002C John\u002C cancel\u002C No reservation in time range 06:30 to 09:30 (testReservationFunction)(MeetingRoomReservationTest)" name="[31] 06:30\u002C 09:30\u002C John\u002C cancel\u002C No reservation in time range 06:30 to 09:30 " time="0"/>
  <testcase classname="[32] 08:30\u002C 09:00\u002C John\u002C cancel\u002C No reservation in time range 08:30 to 09:00 (testReservationFunction)(MeetingRoomReservationTest)" name="[32] 08:30\u002C 09:00\u002C John\u002C cancel\u002C No reservation in time range 08:30 to 09:00 " time="0"/>
  <testcase classname="[33] 06:30\u002C 09:00\u002C John\u002C cancel\u002C No reservation in time range 06:30 to 09:00 (testReservationFunction)(MeetingRoomReservationTest)" name="[33] 06:30\u002C 09:00\u002C John\u002C cancel\u002C No reservation in time range 06:30 to 09:00 " time="0"/>
  <testcase classname="[34] 09:00\u002C 09:30\u002C John\u002C cancel\u002C No reservation in time range 09:00 to 09:30 (testReservationFunction)(MeetingRoomReservationTest)" name="[34] 09:00\u002C 09:30\u002C John\u002C cancel\u002C No reservation in time range 09:00 to 09:30 " time="0"/>
  <testcase classname="[35] 09:00\u002C 09:20\u002C John\u002C cancel\u002C No reservation in time range 09:00 to 09:20 (testReservationFunction)(MeetingRoomReservationTest)" name="[35] 09:00\u002C 09:20\u002C John\u002C cancel\u002C No reservation in time range 09:00 to 09:20 " time="0"/>
  <testcase classname="[36] 08:30\u002C 09:30\u002C John\u002C cancel\u002C Reservation in time range 08:30 to 09:30 have been calcelled (testReservationFunction)(MeetingRoomReservationTest)" name="[36] 08:30\u002C 09:30\u002C John\u002C cancel\u002C Reservation in time range 08:30 to 09:30 have been calcelled " time="0"/>
  <testcase classname="[37] null\u002C null\u002C John\u002C getReservations\u002C Room R2: 10:30-12:30.  (testReservationFunction)(MeetingRoomReservationTest)" name="[37] null\u002C null\u002C John\u002C getReservations\u002C Room R2: 10:30-12:30.  " time="0"/>
  <testcase classname="[38] 07:30\u002C 09:30\u002C \u002C isAvailable\u002C There is available room for time range 07:30 to 09:30 (testReservationFunction)(MeetingRoomReservationTest)" name="[38] 07:30\u002C 09:30\u002C \u002C isAvailable\u002C There is available room for time range 07:30 to 09:30 " time="0"/>
  <testcase classname="[39] 07:30\u002C 09:30\u002C Mike\u002C reserve\u002C Reserve Room R1 in time range 07:30 to 09:30 successfully (testReservationFunction)(MeetingRoomReservationTest)" name="[39] 07:30\u002C 09:30\u002C Mike\u002C reserve\u002C Reserve Room R1 in time range 07:30 to 09:30 successfully " time="0.001"/>
  <testcase classname="[40] null\u002C null\u002C Mike\u002C getReservations\u002C Room R1: 07:30-09:30.  (testReservationFunction)(MeetingRoomReservationTest)" name="[40] null\u002C null\u002C Mike\u002C getReservations\u002C Room R1: 07:30-09:30.  " time="0"/>
</testsuite>